; DeployMaster Installation Log
; Please do not delete or alter this file.
; It is needed whenever you want to update or uninstall Just Great Software RegexBuddy 4 DEMO 4.1.3
; DeployMaster is copyright © 2000-2014 Jan Goyvaerts
; Visit http://www.DeployMaster.com/ for more information on DeployMaster
2
Just Great Software RegexBuddy 4 DEMO 4.1.3
2014
8
14
Just Great Software
RegexBuddy 4
DEMO 4.1.3
Continuing with this operation will completely remove %s from your computer.
Are you sure you want this to happen?
Note that you can remove or add individual components of this application by running the original installation program again.
%s has been successfully removed from your computer.
Some files could not be uninstalled right now, because they are in use by Windows.
They will be removed the next time you start up your computer.

2
%APPFOLDER%
Program &Files folder:
C:\Program Files\Just Great Software\RegexBuddy4
%APPMENU%
&Start Menu folder:
C:\ProgramData\Microsoft\Windows\Start Menu\Programs\RegexBuddy 4
4
Desktop icon
S
Help file
S
RegexBuddy
S
Shortcut icons
S
C:\Program Files\Just Great Software\RegexBuddy4\LICENSE.txt
C:\Program Files\Just Great Software\RegexBuddy4\CPP.jgcscs
C:\Program Files\Just Great Software\RegexBuddy4\Csharp.jgcscs
C:\Program Files\Just Great Software\RegexBuddy4\UnDeploy64.exe
C:\Program Files\Just Great Software\RegexBuddy4\Delphi.jgcscs
C:\Program Files\Just Great Software\RegexBuddy4\DelphiPrism.jgcscs
C:\Program Files\Just Great Software\RegexBuddy4\Groovy.jgcscs
C:\Program Files\Just Great Software\RegexBuddy4\HTML.jgcscs
C:\Program Files\Just Great Software\RegexBuddy4\Java.jgcscs
C:\Program Files\Just Great Software\RegexBuddy4\JavaScript.jgcscs
C:\Program Files\Just Great Software\RegexBuddy4\MySQL.jgcscs
C:\Program Files\Just Great Software\RegexBuddy4\Perl.jgcscs
C:\Program Files\Just Great Software\RegexBuddy4\PHPsolo.jgcscs
C:\Program Files\Just Great Software\RegexBuddy4\PLSQL.jgcscs
C:\Program Files\Just Great Software\RegexBuddy4\PostgreSQL.jgcscs
C:\Program Files\Just Great Software\RegexBuddy4\PowerShell1.jgcscs
C:\Program Files\Just Great Software\RegexBuddy4\Python.jgcscs
C:\Program Files\Just Great Software\RegexBuddy4\R.jgcscs
C:\Program Files\Just Great Software\RegexBuddy4\Ruby.jgcscs
C:\Program Files\Just Great Software\RegexBuddy4\Tcl.jgcscs
C:\Program Files\Just Great Software\RegexBuddy4\VB.jgcscs
C:\Program Files\Just Great Software\RegexBuddy4\VBScript.jgcscs
C:\Program Files\Just Great Software\RegexBuddy4\XML.jgcscs
C:\Program Files\Just Great Software\RegexBuddy4\RegexBuddy4.chm
C:\Program Files\Just Great Software\RegexBuddy4\ASPnet.rbsct
C:\Program Files\Just Great Software\RegexBuddy4\C++Builder TPerlRegEx.rbsct
C:\Program Files\Just Great Software\RegexBuddy4\RegexBuddy4.rbl
C:\Program Files\Just Great Software\RegexBuddy4\C++Builder TRegEx.rbsct
C:\Program Files\Just Great Software\RegexBuddy4\Csharp.rbsct
C:\Program Files\Just Great Software\RegexBuddy4\Delphi Prism.rbsct
C:\Program Files\Just Great Software\RegexBuddy4\Delphi TPerlRegEx Component.rbsct
C:\Program Files\Just Great Software\RegexBuddy4\Delphi TRegEx.rbsct
C:\Program Files\Just Great Software\RegexBuddy4\Delphi TPerlRegEx.rbsct
C:\Program Files\Just Great Software\RegexBuddy4\DelphiNET.rbsct
C:\Program Files\Just Great Software\RegexBuddy4\Groovy.rbsct
C:\Program Files\Just Great Software\RegexBuddy4\HTML5 Pattern.rbsct
C:\Program Files\Just Great Software\RegexBuddy4\Java.rbsct
C:\Program Files\Just Great Software\RegexBuddy4\MySQL.rbsct
C:\Program Files\Just Great Software\RegexBuddy4\JavaScript.rbsct
C:\Program Files\Just Great Software\RegexBuddy4\Oracle11g.rbsct
C:\Program Files\Just Great Software\RegexBuddy4\Oracle10g.rbsct
C:\Program Files\Just Great Software\RegexBuddy4\PCRE.rbsct
C:\Program Files\Just Great Software\RegexBuddy4\PCRE16.rbsct
C:\Program Files\Just Great Software\RegexBuddy4\PCRE32.rbsct
C:\Program Files\Just Great Software\RegexBuddy4\PCRE8.rbsct
C:\Program Files\Just Great Software\RegexBuddy4\Perl.rbsct
C:\Program Files\Just Great Software\RegexBuddy4\PHPereg.rbsct
C:\Program Files\Just Great Software\RegexBuddy4\PHPpreg.rbsct
C:\Program Files\Just Great Software\RegexBuddy4\POSIX BRE.rbsct
C:\Program Files\Just Great Software\RegexBuddy4\POSIX ERE.rbsct
C:\Program Files\Just Great Software\RegexBuddy4\PostgreSQL.rbsct
C:\Program Files\Just Great Software\RegexBuddy4\PowerShell.rbsct
C:\Program Files\Just Great Software\RegexBuddy4\Python24.rbsct
C:\Program Files\Just Great Software\RegexBuddy4\Python27.rbsct
C:\Program Files\Just Great Software\RegexBuddy4\Python34.rbsct
C:\Program Files\Just Great Software\RegexBuddy4\R.rbsct
C:\Program Files\Just Great Software\RegexBuddy4\Ruby.rbsct
C:\Program Files\Just Great Software\RegexBuddy4\Tcl.rbsct
C:\Program Files\Just Great Software\RegexBuddy4\VB6.rbsct
C:\Program Files\Just Great Software\RegexBuddy4\VBnet.rbsct
C:\Program Files\Just Great Software\RegexBuddy4\VBscript.rbsct
C:\Program Files\Just Great Software\RegexBuddy4\wxWidgets.rbsct
C:\Program Files\Just Great Software\RegexBuddy4\XML.rbsct
C:\Program Files\Just Great Software\RegexBuddy4\XPath.rbsct
C:\Program Files\Just Great Software\RegexBuddy4\XRegExp.rbsct
C:\Program Files\Just Great Software\RegexBuddy4\RegexBuddy4.exe
C:\Users\Public\Desktop\RegexBuddy 4.lnk
C:\ProgramData\Microsoft\Windows\Start Menu\Programs\RegexBuddy 4\RegexBuddy Help.lnk
C:\ProgramData\Microsoft\Windows\Start Menu\Programs\RegexBuddy 4\RegexBuddy 4.lnk
C:\ProgramData\Microsoft\Windows\Start Menu\Programs\RegexBuddy 4\Remove RegexBuddy 4.lnk
C:\ProgramData\Microsoft\Windows\Start Menu\Programs\RegexBuddy 4\RegexBuddy web site.url
C:\ProgramData\Microsoft\Windows\Start Menu\Programs\RegexBuddy 4\Buy RegexBuddy now.url
C:\ProgramData\Microsoft\Windows\Start Menu\Programs\RegexBuddy 4\RegexBuddy Videos.url
C:\ProgramData\Microsoft\Windows\Start Menu\Programs\RegexBuddy 4\RegexBuddy Printable Manual.url
%%%
HKEY_CLASSES_ROOT\regexbuddy	(Default)
HKEY_CLASSES_ROOT\regexbuddy	URL Protocol
HKEY_CLASSES_ROOT\regexbuddy\DefaultIcon	(Default)
HKEY_CLASSES_ROOT\regexbuddy\DefaultIcon	*
HKEY_CLASSES_ROOT\regexbuddy\shell	*
HKEY_CLASSES_ROOT\regexbuddy\shell\open\command	(Default)
HKEY_CURRENT_USER\Software\JGsoft\RegexBuddy4	*
HKEY_LOCAL_MACHINE\Software\JGsoft\DeployIT	RegexBuddy 4
HKEY_LOCAL_MACHINE\Software\JGsoft\RegexBuddy4	*
HKEY_LOCAL_MACHINE\Software\Microsoft\Windows\CurrentVersion\App Paths\RegexBuddy4.exe	(Default)
HKEY_LOCAL_MACHINE\Software\Microsoft\Windows\CurrentVersion\App Paths\RegexBuddy4.exe	*
HKEY_LOCAL_MACHINE\Software\Microsoft\Windows\CurrentVersion\App Paths\RegexBuddy4.exe	Path
HKEY_LOCAL_MACHINE\Software\Microsoft\Windows\CurrentVersion\Uninstall\RegexBuddy 4	DisplayIcon
HKEY_LOCAL_MACHINE\Software\Microsoft\Windows\CurrentVersion\Uninstall\RegexBuddy 4	DisplayName
HKEY_LOCAL_MACHINE\Software\Microsoft\Windows\CurrentVersion\Uninstall\RegexBuddy 4	DisplayVersion
HKEY_LOCAL_MACHINE\Software\Microsoft\Windows\CurrentVersion\Uninstall\RegexBuddy 4	EstimatedSize
HKEY_LOCAL_MACHINE\Software\Microsoft\Windows\CurrentVersion\Uninstall\RegexBuddy 4	HelpLink
HKEY_LOCAL_MACHINE\Software\Microsoft\Windows\CurrentVersion\Uninstall\RegexBuddy 4	InstallDate
HKEY_LOCAL_MACHINE\Software\Microsoft\Windows\CurrentVersion\Uninstall\RegexBuddy 4	InstallLocation
HKEY_LOCAL_MACHINE\Software\Microsoft\Windows\CurrentVersion\Uninstall\RegexBuddy 4	NoModify
HKEY_LOCAL_MACHINE\Software\Microsoft\Windows\CurrentVersion\Uninstall\RegexBuddy 4	NoRepair
HKEY_LOCAL_MACHINE\Software\Microsoft\Windows\CurrentVersion\Uninstall\RegexBuddy 4	Publisher
HKEY_LOCAL_MACHINE\Software\Microsoft\Windows\CurrentVersion\Uninstall\RegexBuddy 4	UninstallString
HKEY_LOCAL_MACHINE\Software\Microsoft\Windows\CurrentVersion\Uninstall\RegexBuddy 4	URLInfoAbout
HKEY_LOCAL_MACHINE\Software\Microsoft\Windows\CurrentVersion\Uninstall\RegexBuddy 4	URLInfoUpdate
%%%
.rbl

RegexBuddy Library

C:\Program Files\Just Great Software\RegexBuddy4\RegexBuddy4.exe,0
Open

"C:\Program Files\Just Great Software\RegexBuddy4\RegexBuddy4.exe" /library "%1"
%
.rbg

RegexBuddy GREP Action

C:\Program Files\Just Great Software\RegexBuddy4\RegexBuddy4.exe,0
Open

"C:\Program Files\Just Great Software\RegexBuddy4\RegexBuddy4.exe" /grep "%1"
%
.rba

RegexBuddy Regular Expression

C:\Program Files\Just Great Software\RegexBuddy4\RegexBuddy4.exe,0
Open

"C:\Program Files\Just Great Software\RegexBuddy4\RegexBuddy4.exe" /action "%1"
%
%%%
%%%
